<?xml version="1.0" encoding="UTF-8"?>
<testsuites name="CURA_TestSuitColection_Login_001" time="14.746" tests="2" failures="0" errors="0">
   <testsuite name="CURA_TestSuitColection_Login_001" tests="2" failures="0" errors="0" time="14.746" skipped="0" timestamp="18-02-2024T23:14:35" hostname="Rishab Das - Rishab-Asus" id="Test Suites/CURA_TestSuitColection_Login_001">
      <properties>
         <property name="deviceName" value=""/>
         <property name="devicePlatform" value=""/>
         <property name="logFolder" value="C:\\Users\\Rishab Das\\Desktop\\Cura_Healthcare_Services Test\\SI-GuidedProject-717924-1707365092\\Reports\\20240218_231430\\CURA_TestSuitColection_Login_001\\20240218_231430"/>
         <property name="logFiles" value="C:\\Users\\Rishab Das\\Desktop\\Cura_Healthcare_Services Test\\SI-GuidedProject-717924-1707365092\\Reports\\20240218_231430\\CURA_TestSuitColection_Login_001\\20240218_231430\\execution0.log"/>
         <property name="attachments" value=""/>
         <property name="hostName" value="Rishab Das - Rishab-Asus"/>
         <property name="os" value="Windows 11 64bit"/>
         <property name="katalonVersion" value="9.1.0.212"/>
         <property name="browser" value="Chrome 121.0.0.0"/>
         <property name="hostAddress" value="192.168.188.232"/>
         <property name="sessionId" value="feee285bb8d4eafd500b0a4a42d59d30"/>
         <property name="seleniumVersion" value="3.141.59"/>
         <property name="proxyInformation" value="ProxyInformation { proxyOption=NO_PROXY, proxyServerType=HTTP, username=, password=********, proxyServerAddress=, proxyServerPort=0, executionList=&quot;&quot;, isApplyToDesiredCapabilities=true }"/>
         <property name="platform" value="Windows 11"/>
      </properties>
      <testcase name="Test Cases/TC_CURA_LOGIN_001" time="9.33" classname="Test Cases/TC_CURA_LOGIN_001" status="PASSED">
         <system-out><![CDATA[18-02-2024T23:14:35 - [TEST_CASE][PASSED] - Test Cases/TC_CURA_LOGIN_001: Test Cases/TC_CURA_LOGIN_001

18-02-2024T23:14:36 - [TEST_STEP][PASSED] - openBrowser(""): Browser is opened with url: ''

18-02-2024T23:14:36 - [MESSAGE][INFO] - Starting 'Chrome' driver

18-02-2024T23:14:36 - [MESSAGE][INFO] - Action delay is set to 0 milliseconds

18-02-2024T23:14:37 - [MESSAGE][PASSED] - Browser is opened with url: ''

18-02-2024T23:14:37 - [TEST_STEP][PASSED] - navigateToUrl("https://katalon-demo-cura.herokuapp.com/"): Navigate to 'https://katalon-demo-cura.herokuapp.com/' successfully

18-02-2024T23:14:41 - [MESSAGE][PASSED] - Navigate to 'https://katalon-demo-cura.herokuapp.com/' successfully

18-02-2024T23:14:41 - [TEST_STEP][PASSED] - click(findTestObject("Object Repository/Cura Pages/CuraPage_Login_OR/Page_CURA Healthcare Service/a_Make Appointment")): Object: 'Object Repository/Cura Pages/CuraPage_Login_OR/Page_CURA Healthcare Service/a_Make Appointment' is clicked on

18-02-2024T23:14:42 - [MESSAGE][PASSED] - Object: 'Object Repository/Cura Pages/CuraPage_Login_OR/Page_CURA Healthcare Service/a_Make Appointment' is clicked on

18-02-2024T23:14:42 - [TEST_STEP][PASSED] - setText(findTestObject("Object Repository/Cura Pages/CuraPage_Login_OR/Page_CURA Healthcare Service/input_username"), "John Doe"): Text 'John Doe' is set on object 'Object Repository/Cura Pages/CuraPage_Login_OR/Page_CURA Healthcare Service/input_username'

18-02-2024T23:14:43 - [MESSAGE][PASSED] - Text 'John Doe' is set on object 'Object Repository/Cura Pages/CuraPage_Login_OR/Page_CURA Healthcare Service/input_username'

18-02-2024T23:14:43 - [TEST_STEP][PASSED] - setEncryptedText(findTestObject("Object Repository/Cura Pages/CuraPage_Login_OR/Page_CURA Healthcare Service/input_password"), "g3/DOGG74jC3Flrr3yH+3D/yKbOqqUNM"): Text ****** has been set on object 'Object Repository/Cura Pages/CuraPage_Login_OR/Page_CURA Healthcare Service/input_password'

18-02-2024T23:14:43 - [MESSAGE][PASSED] - Text ****** has been set on object 'Object Repository/Cura Pages/CuraPage_Login_OR/Page_CURA Healthcare Service/input_password'

18-02-2024T23:14:43 - [TEST_STEP][PASSED] - click(findTestObject("Object Repository/Cura Pages/CuraPage_Login_OR/Page_CURA Healthcare Service/button_Login")): Object: 'Object Repository/Cura Pages/CuraPage_Login_OR/Page_CURA Healthcare Service/button_Login' is clicked on

18-02-2024T23:14:44 - [MESSAGE][PASSED] - Object: 'Object Repository/Cura Pages/CuraPage_Login_OR/Page_CURA Healthcare Service/button_Login' is clicked on

18-02-2024T23:14:44 - [TEST_STEP][PASSED] - verifyElementPresent(findTestObject("Cura Pages/CuraPage_Login_OR/Page_CURA Healthcare Service/h2_Make Appointment"), 0): Object 'Object Repository/Cura Pages/CuraPage_Login_OR/Page_CURA Healthcare Service/h2_Make Appointment' is present

18-02-2024T23:14:44 - [MESSAGE][WARNING] - Timeout '0' is invalid. Using default page load timeout: '30'

18-02-2024T23:14:45 - [MESSAGE][PASSED] - Object 'Object Repository/Cura Pages/CuraPage_Login_OR/Page_CURA Healthcare Service/h2_Make Appointment' is present]]></system-out>
         <system-err><![CDATA[]]></system-err>
      </testcase>
      <testcase name="Test Cases/TC_CURA_MakeAppointementValidation_002" time="5.19" classname="Test Cases/TC_CURA_MakeAppointementValidation_002" status="PASSED">
         <system-out><![CDATA[18-02-2024T23:14:45 - [TEST_CASE][PASSED] - Test Cases/TC_CURA_MakeAppointementValidation_002: Test Cases/TC_CURA_MakeAppointementValidation_002

18-02-2024T23:14:45 - [TEST_STEP][PASSED] - selectOptionByValue(findTestObject("Object Repository/Cura Pages/CuraPage_MakeAppointementValidation_OR/Page_CURA Healthcare Service/select_Tokyo CURA Healthcare Center        _5b4107"), "Hongkong CURA Healthcare Center", true): All options with value 'Hongkong CURA Healthcare Center' are selected in object 'Object Repository/Cura Pages/CuraPage_MakeAppointementValidation_OR/Page_CURA Healthcare Service/select_Tokyo CURA Healthcare Center        _5b4107'  using regular expression

18-02-2024T23:14:46 - [MESSAGE][PASSED] - All options with value 'Hongkong CURA Healthcare Center' are selected in object 'Object Repository/Cura Pages/CuraPage_MakeAppointementValidation_OR/Page_CURA Healthcare Service/select_Tokyo CURA Healthcare Center        _5b4107'  using regular expression

18-02-2024T23:14:46 - [TEST_STEP][PASSED] - click(findTestObject("Object Repository/Cura Pages/CuraPage_MakeAppointementValidation_OR/Page_CURA Healthcare Service/input_hospital_readmission")): Object: 'Object Repository/Cura Pages/CuraPage_MakeAppointementValidation_OR/Page_CURA Healthcare Service/input_hospital_readmission' is clicked on

18-02-2024T23:14:46 - [MESSAGE][PASSED] - Object: 'Object Repository/Cura Pages/CuraPage_MakeAppointementValidation_OR/Page_CURA Healthcare Service/input_hospital_readmission' is clicked on

18-02-2024T23:14:46 - [TEST_STEP][PASSED] - click(findTestObject("Object Repository/Cura Pages/CuraPage_MakeAppointementValidation_OR/Page_CURA Healthcare Service/input_programs")): Object: 'Object Repository/Cura Pages/CuraPage_MakeAppointementValidation_OR/Page_CURA Healthcare Service/input_programs' is clicked on

18-02-2024T23:14:46 - [MESSAGE][PASSED] - Object: 'Object Repository/Cura Pages/CuraPage_MakeAppointementValidation_OR/Page_CURA Healthcare Service/input_programs' is clicked on

18-02-2024T23:14:46 - [TEST_STEP][PASSED] - click(findTestObject("Object Repository/Cura Pages/CuraPage_MakeAppointementValidation_OR/Page_CURA Healthcare Service/input_visit_date")): Object: 'Object Repository/Cura Pages/CuraPage_MakeAppointementValidation_OR/Page_CURA Healthcare Service/input_visit_date' is clicked on

18-02-2024T23:14:47 - [MESSAGE][PASSED] - Object: 'Object Repository/Cura Pages/CuraPage_MakeAppointementValidation_OR/Page_CURA Healthcare Service/input_visit_date' is clicked on

18-02-2024T23:14:47 - [TEST_STEP][PASSED] - click(findTestObject("Object Repository/Cura Pages/CuraPage_MakeAppointementValidation_OR/Page_CURA Healthcare Service/th_")): Object: 'Object Repository/Cura Pages/CuraPage_MakeAppointementValidation_OR/Page_CURA Healthcare Service/th_' is clicked on

18-02-2024T23:14:47 - [MESSAGE][PASSED] - Object: 'Object Repository/Cura Pages/CuraPage_MakeAppointementValidation_OR/Page_CURA Healthcare Service/th_' is clicked on

18-02-2024T23:14:47 - [TEST_STEP][PASSED] - click(findTestObject("Object Repository/Cura Pages/CuraPage_MakeAppointementValidation_OR/Page_CURA Healthcare Service/td_13")): Object: 'Object Repository/Cura Pages/CuraPage_MakeAppointementValidation_OR/Page_CURA Healthcare Service/td_13' is clicked on

18-02-2024T23:14:48 - [MESSAGE][PASSED] - Object: 'Object Repository/Cura Pages/CuraPage_MakeAppointementValidation_OR/Page_CURA Healthcare Service/td_13' is clicked on

18-02-2024T23:14:48 - [TEST_STEP][PASSED] - setText(findTestObject("Object Repository/Cura Pages/CuraPage_MakeAppointementValidation_OR/Page_CURA Healthcare Service/textarea_comment"), "Regular Health Checkup"): Text 'Regular Health Checkup' is set on object 'Object Repository/Cura Pages/CuraPage_MakeAppointementValidation_OR/Page_CURA Healthcare Service/textarea_comment'

18-02-2024T23:14:49 - [MESSAGE][PASSED] - Text 'Regular Health Checkup' is set on object 'Object Repository/Cura Pages/CuraPage_MakeAppointementValidation_OR/Page_CURA Healthcare Service/textarea_comment'

18-02-2024T23:14:49 - [TEST_STEP][PASSED] - click(findTestObject("Object Repository/Cura Pages/CuraPage_MakeAppointementValidation_OR/Page_CURA Healthcare Service/button_Book Appointment")): Object: 'Object Repository/Cura Pages/CuraPage_MakeAppointementValidation_OR/Page_CURA Healthcare Service/button_Book Appointment' is clicked on

18-02-2024T23:14:49 - [MESSAGE][PASSED] - Object: 'Object Repository/Cura Pages/CuraPage_MakeAppointementValidation_OR/Page_CURA Healthcare Service/button_Book Appointment' is clicked on

18-02-2024T23:14:49 - [TEST_STEP][PASSED] - verifyElementPresent(findTestObject("Cura Pages/CuraPage_MakeAppointementValidation_OR/Page_CURA Healthcare Service/h2_Appointment Confirmation"), 0): Object 'Object Repository/Cura Pages/CuraPage_MakeAppointementValidation_OR/Page_CURA Healthcare Service/h2_Appointment Confirmation' is present

18-02-2024T23:14:49 - [MESSAGE][WARNING] - Timeout '0' is invalid. Using default page load timeout: '30'

18-02-2024T23:14:50 - [MESSAGE][PASSED] - Object 'Object Repository/Cura Pages/CuraPage_MakeAppointementValidation_OR/Page_CURA Healthcare Service/h2_Appointment Confirmation' is present

18-02-2024T23:14:50 - [TEST_STEP][PASSED] - closeBrowser(): Browser is closed

18-02-2024T23:14:50 - [MESSAGE][PASSED] - Browser is closed]]></system-out>
         <system-err><![CDATA[]]></system-err>
      </testcase>
      <system-out><![CDATA[18-02-2024T23:14:35 - [TEST_SUITE][PASSED] - CURA_TestSuitColection_Login_001: Test Cases/TC_CURA_MakeAppointementValidation_002]]></system-out>
      <system-err><![CDATA[]]></system-err>
   </testsuite>
</testsuites>
